0 info it worked if it ends with ok
1 verbose cli [ 'C:\\Program Files\\nodejs\\node.exe',
1 verbose cli   'C:\\Program Files\\nodejs\\node_modules\\npm\\bin\\npm-cli.js',
1 verbose cli   'run',
1 verbose cli   'dev-server' ]
2 info using npm@3.10.10
3 info using node@v6.11.2
4 verbose run-script [ 'predev-server', 'dev-server', 'postdev-server' ]
5 info lifecycle ReactBlogFinal@1.0.0~predev-server: ReactBlogFinal@1.0.0
6 silly lifecycle ReactBlogFinal@1.0.0~predev-server: no script for predev-server, continuing
7 info lifecycle ReactBlogFinal@1.0.0~dev-server: ReactBlogFinal@1.0.0
8 verbose lifecycle ReactBlogFinal@1.0.0~dev-server: unsafe-perm in lifecycle true
9 verbose lifecycle ReactBlogFinal@1.0.0~dev-server: PATH: C:\Program Files\nodejs\node_modules\npm\bin\node-gyp-bin;D:\mydocs\webdev\gitprojs\ReactBlogFinal\node_modules\.bin;C:\Users\capoz\AppData\Roaming\npm;C:\Program Files\nodejs\;c:\program files\graphicsmagick-1.3.26-q8;C:\Program Files\ImageMagick-7.0.6-Q16;C:\Python27\;C:\Python27\Scripts;C:\ProgramData\Oracle\Java\javapath;C:\Windows\system32;C:\Windows;C:\Windows\System32\Wbem;C:\Windows\System32\WindowsPowerShell\v1.0\;C:\Program Files (x86)\NVIDIA Corporation\PhysX\Common;D:\Program Files\Git\cmd;C:\Program Files\Intel\WiFi\bin\;C:\Program Files\Common Files\Intel\WirelessCommon\;C:\Program Files (x86)\Skype\Phone\;C:\WINDOWS\system32;C:\WINDOWS;C:\WINDOWS\System32\Wbem;C:\WINDOWS\System32\WindowsPowerShell\v1.0\;C:\xampp\php;C:\ProgramData\ComposerSetup\bin;C:\ProgramData\chocolatey\bin;C:\Program Files (x86)\Yarn\bin;C:\Program Files\nodejs\;C:\Program Files (x86)\GnuWin32\bin;D:\Program Files\nodejs;C:\Users\capoz\AppData\Roaming\Composer\vendor\bin;D:\Program Files\Heroku\bin;C:\Users\capoz\AppData\Local\Yarn\bin;C:\Users\capoz\AppData\Local\atom\bin;C:\Program Files\GraphicsMagick-1.3.26-Q16;C:\Users\capoz\AppData\Roaming\npm
10 verbose lifecycle ReactBlogFinal@1.0.0~dev-server: CWD: D:\mydocs\webdev\gitprojs\ReactBlogFinal
11 silly lifecycle ReactBlogFinal@1.0.0~dev-server: Args: [ '/d /s /c', 'node server/server.js' ]
12 silly lifecycle ReactBlogFinal@1.0.0~dev-server: Returned: code: 1  signal: null
13 info lifecycle ReactBlogFinal@1.0.0~dev-server: Failed to exec dev-server script
14 verbose stack Error: ReactBlogFinal@1.0.0 dev-server: `node server/server.js`
14 verbose stack Exit status 1
14 verbose stack     at EventEmitter.<anonymous> (C:\Program Files\nodejs\node_modules\npm\lib\utils\lifecycle.js:255:16)
14 verbose stack     at emitTwo (events.js:106:13)
14 verbose stack     at EventEmitter.emit (events.js:191:7)
14 verbose stack     at ChildProcess.<anonymous> (C:\Program Files\nodejs\node_modules\npm\lib\utils\spawn.js:40:14)
14 verbose stack     at emitTwo (events.js:106:13)
14 verbose stack     at ChildProcess.emit (events.js:191:7)
14 verbose stack     at maybeClose (internal/child_process.js:891:16)
14 verbose stack     at Process.ChildProcess._handle.onexit (internal/child_process.js:226:5)
15 verbose pkgid ReactBlogFinal@1.0.0
16 verbose cwd D:\mydocs\webdev\gitprojs\ReactBlogFinal
17 error Windows_NT 10.0.15063
18 error argv "C:\\Program Files\\nodejs\\node.exe" "C:\\Program Files\\nodejs\\node_modules\\npm\\bin\\npm-cli.js" "run" "dev-server"
19 error node v6.11.2
20 error npm  v3.10.10
21 error code ELIFECYCLE
22 error ReactBlogFinal@1.0.0 dev-server: `node server/server.js`
22 error Exit status 1
23 error Failed at the ReactBlogFinal@1.0.0 dev-server script 'node server/server.js'.
23 error Make sure you have the latest version of node.js and npm installed.
23 error If you do, this is most likely a problem with the ReactBlogFinal package,
23 error not with npm itself.
23 error Tell the author that this fails on your system:
23 error     node server/server.js
23 error You can get information on how to open an issue for this project with:
23 error     npm bugs ReactBlogFinal
23 error Or if that isn't available, you can get their info via:
23 error     npm owner ls ReactBlogFinal
23 error There is likely additional logging output above.
24 verbose exit [ 1, true ]
